[2022-08-24T01:23:55.505] [ERROR] file - Invalid Password
[2022-08-24T01:23:55.568] [ERROR] file - Login error!
[2022-08-24T01:32:48.551] [ERROR] file - Invalid Password
[2022-08-24T01:32:48.616] [ERROR] file - Login error!
[2022-08-24T01:33:37.084] [ERROR] file - Invalid Password
[2022-08-24T01:33:37.200] [ERROR] file - Login error!
[2022-08-27T12:04:30.122] [ERROR] file - TypeError: ordersApi.getAll is not a function
    at createOrder (file:///Users/joaquingc/Documents/Coderhouse/proyecto-backend-coderhouse/controllers/orders.js:7:32)
    at file:///Users/joaquingc/Documents/Coderhouse/proyecto-backend-coderhouse/controllers/cart.js:56:17
    at processTicksAndRejections (node:internal/process/task_queues:96:5)
[2022-08-27T12:08:09.844] [ERROR] file - TypeError: Cannot read properties of undefined (reading 'map')
    at cartInfoMail (file:///Users/joaquingc/Documents/Coderhouse/proyecto-backend-coderhouse/helpers/nodemailer.js:43:42)
    at file:///Users/joaquingc/Documents/Coderhouse/proyecto-backend-coderhouse/controllers/cart.js:54:42
    at processTicksAndRejections (node:internal/process/task_queues:96:5)
[2022-08-27T12:20:30.499] [ERROR] file - TypeError: Cannot read properties of undefined (reading 'map')
    at cartInfoMail (file:///Users/joaquingc/Documents/Coderhouse/proyecto-backend-coderhouse/helpers/nodemailer.js:43:42)
    at file:///Users/joaquingc/Documents/Coderhouse/proyecto-backend-coderhouse/controllers/cart.js:54:42
    at processTicksAndRejections (node:internal/process/task_queues:96:5)
[2022-08-27T12:22:55.526] [ERROR] file - TypeError: ordersApi.getAll is not a function
    at createOrder (file:///Users/joaquingc/Documents/Coderhouse/proyecto-backend-coderhouse/controllers/orders.js:7:32)
    at file:///Users/joaquingc/Documents/Coderhouse/proyecto-backend-coderhouse/controllers/cart.js:56:17
    at processTicksAndRejections (node:internal/process/task_queues:96:5)
[2022-08-27T12:36:03.850] [ERROR] file - TypeError: Cannot read properties of null (reading '_id')
    at cartInfoMail (file:///Users/joaquingc/Documents/Coderhouse/proyecto-backend-coderhouse/helpers/nodemailer.js:40:40)
    at file:///Users/joaquingc/Documents/Coderhouse/proyecto-backend-coderhouse/controllers/cart.js:53:42
    at processTicksAndRejections (node:internal/process/task_queues:96:5)
[2022-08-27T12:36:57.097] [ERROR] file - TypeError: Cannot read properties of null (reading '_id')
    at cartInfoMail (file:///Users/joaquingc/Documents/Coderhouse/proyecto-backend-coderhouse/helpers/nodemailer.js:40:40)
    at file:///Users/joaquingc/Documents/Coderhouse/proyecto-backend-coderhouse/controllers/cart.js:53:42
    at processTicksAndRejections (node:internal/process/task_queues:96:5)
[2022-08-27T19:31:34.588] [ERROR] file - User not found
[2022-08-27T19:31:34.600] [ERROR] file - Login error!
[2022-08-27T19:58:53.625] [ERROR] file - User not found
[2022-08-27T19:58:53.636] [ERROR] file - Login error!
[2022-08-27T19:59:03.896] [ERROR] file - Invalid Password
[2022-08-27T19:59:03.967] [ERROR] file - Login error!
[2022-08-28T14:42:24.364] [ERROR] file - User not found
[2022-08-28T14:42:24.437] [ERROR] file - Login error!
[2022-08-28T15:40:55.069] [ERROR] file - TypeError: Cannot read property '_id' of null
    at cartInfoMail (file:///Users/joaquingc/Documents/Coderhouse/proyecto-backend-coderhouse/helpers/nodemailer.js:43:40)
    at file:///Users/joaquingc/Documents/Coderhouse/proyecto-backend-coderhouse/controllers/cart.js:53:42
    at processTicksAndRejections (internal/process/task_queues.js:95:5)
[2022-08-28T15:44:42.447] [ERROR] file - TypeError: Cannot read property '_id' of null
    at cartInfoMail (file:///Users/joaquingc/Documents/Coderhouse/proyecto-backend-coderhouse/helpers/nodemailer.js:43:40)
    at file:///Users/joaquingc/Documents/Coderhouse/proyecto-backend-coderhouse/controllers/cart.js:55:42
    at processTicksAndRejections (internal/process/task_queues.js:95:5)
[2022-08-29T22:34:31.588] [ERROR] file - TypeError: Cannot read properties of null (reading '_id')
    at cartInfoMail (file:///Users/joaquingc/Documents/Coderhouse/proyecto-backend-coderhouse/helpers/nodemailer.js:43:40)
    at file:///Users/joaquingc/Documents/Coderhouse/proyecto-backend-coderhouse/controllers/cart.js:53:42
    at processTicksAndRejections (node:internal/process/task_queues:96:5)
[2022-08-29T22:35:51.201] [ERROR] file - TypeError: Cannot read properties of null (reading '_id')
    at cartInfoMail (file:///Users/joaquingc/Documents/Coderhouse/proyecto-backend-coderhouse/helpers/nodemailer.js:43:40)
    at file:///Users/joaquingc/Documents/Coderhouse/proyecto-backend-coderhouse/controllers/cart.js:54:42
    at processTicksAndRejections (node:internal/process/task_queues:96:5)
[2022-08-29T23:03:08.482] [ERROR] file - User not found
[2022-08-29T23:03:08.492] [ERROR] file - Login error!
